<?xml version="1.0" encoding="UTF-8"?>
<!-- Generated by org.testng.reporters.JUnitXMLReporter -->
<testsuite hostname="DESKTOP-SRHD4QH" ignored="0" name="Default test" tests="5" failures="0" timestamp="09 Feb 2019 13:17:22 GMT" time="52.268" errors="0">
  <testcase name="tc01LaunchURL" time="6.239" classname="ci.Continues_Integration"/>
  <testcase name="tc02SearchProducts" time="7.659" classname="ci.Continues_Integration"/>
  <testcase name="tc03SelecthProducts" time="2.445" classname="ci.Continues_Integration"/>
  <testcase name="tc04AddToCart" time="21.149" classname="ci.Continues_Integration"/>
  <testcase name="tc05ProceedToCheckout" time="14.735" classname="ci.Continues_Integration"/>
</testsuite> <!-- Default test -->
